#
# There is insufficient memory for the Java Runtime Environment to continue.
# Native memory allocation (malloc) failed to allocate 370704 bytes for Chunk::new
# Possible reasons:
#   The system is out of physical RAM or swap space
#   In 32 bit mode, the process size limit was hit
# Possible solutions:
#   Reduce memory load on the system
#   Increase physical memory or swap space
#   Check if swap backing store is full
#   Use 64 bit Java on a 64 bit OS
#   Decrease Java heap size (-Xmx/-Xms)
#   Decrease number of Java threads
#   Decrease Java thread stack sizes (-Xss)
#   Set larger code cache with -XX:ReservedCodeCacheSize=
# This output file may be truncated or incomplete.
#
#  Out of Memory Error (allocation.cpp:390), pid=47688, tid=0x0000000000005748
#
# JRE version: OpenJDK Runtime Environment (8.0_152-b02) (build 1.8.0_152-release-1024-b02)
# Java VM: OpenJDK 64-Bit Server VM (25.152-b02 mixed mode windows-amd64 compressed oops)
# Failed to write core dump. Minidumps are not enabled by default on client versions of Windows
#

---------------  T H R E A D  ---------------

Current thread (0x0000000058159800):  JavaThread "C2 CompilerThread1" daemon [_thread_in_native, id=22344, stack(0x0000000059840000,0x0000000059940000)]

Stack: [0x0000000059840000,0x0000000059940000]
[error occurred during error reporting (printing stack bounds), id 0xc0000005]

Native frames: (J=compiled Java code, j=interpreted, Vv=VM code, C=native code)


Current CompileTask:
C2:  18957 13758       4       com.sun.tools.javac.code.Types::capture (573 bytes)


---------------  P R O C E S S  ---------------

Java Threads: ( => current thread )
  0x000000005c73d000 JavaThread "ForkJoinPool.commonPool-worker-2" daemon [_thread_blocked, id=31936, stack(0x0000000068320000,0x0000000068420000)]
  0x0000000062372800 JavaThread "ForkJoinPool.commonPool-worker-1" daemon [_thread_blocked, id=18296, stack(0x0000000068170000,0x0000000068270000)]
  0x0000000062371800 JavaThread "Cache worker for Java compile cache (G:\StudioProjects\AndroidLibrary\.gradle\4.1\javaCompile)" [_thread_blocked, id=44528, stack(0x0000000067bc0000,0x0000000067cc0000)]
  0x000000005c73b800 JavaThread "Worker Daemon Execution Thread 5" [_thread_blocked, id=3916, stack(0x0000000067790000,0x0000000067890000)]
  0x000000005c73b000 JavaThread "Worker Daemon Execution Thread 4" [_thread_blocked, id=29244, stack(0x0000000067670000,0x0000000067770000)]
  0x000000005c738800 JavaThread "Worker Daemon Execution Thread 3" [_thread_blocked, id=17752, stack(0x00000000674b0000,0x00000000675b0000)]
  0x000000005c738000 JavaThread "Worker Daemon Execution Thread 2" [_thread_blocked, id=13784, stack(0x0000000067350000,0x0000000067450000)]
  0x000000005c739800 JavaThread "Worker Daemon Execution" [_thread_blocked, id=14244, stack(0x0000000066cb0000,0x0000000066db0000)]
  0x000000006236e000 JavaThread "Task worker for ':' Thread 7" [_thread_blocked, id=7424, stack(0x0000000066fb0000,0x00000000670b0000)]
  0x000000006236d000 JavaThread "Task worker for ':' Thread 6" [_thread_blocked, id=13476, stack(0x0000000066de0000,0x0000000066ee0000)]
  0x000000006236c800 JavaThread "Task worker for ':' Thread 5" [_thread_blocked, id=38048, stack(0x00000000669f0000,0x0000000066af0000)]
  0x000000006236b800 JavaThread "Task worker for ':' Thread 4" [_thread_blocked, id=10008, stack(0x0000000066b50000,0x0000000066c50000)]
  0x000000005e109800 JavaThread "Task worker for ':' Thread 3" [_thread_blocked, id=38996, stack(0x00000000668c0000,0x00000000669c0000)]
  0x000000005e109000 JavaThread "Task worker for ':' Thread 2" [_thread_blocked, id=48296, stack(0x0000000066730000,0x0000000066830000)]
  0x000000005e108000 JavaThread "Task worker for ':'" [_thread_blocked, id=41936, stack(0x0000000063cf0000,0x0000000063df0000)]
  0x000000005e107800 JavaThread "Cache worker for task history cache (G:\StudioProjects\AndroidLibrary\.gradle\4.1\taskHistory)" [_thread_blocked, id=27620, stack(0x0000000066600000,0x0000000066700000)]
  0x000000005e105000 JavaThread "Cache worker for file content cache (G:\StudioProjects\AndroidLibrary\.gradle\4.1\fileContent)" [_thread_blocked, id=19328, stack(0x000000005f0a0000,0x000000005f1a0000)]
  0x000000005e103800 JavaThread "Memory manager" [_thread_blocked, id=33252, stack(0x00000000640a0000,0x00000000641a0000)]
  0x000000005e103000 JavaThread "build operations Thread 8" [_thread_blocked, id=48604, stack(0x0000000062fe0000,0x00000000630e0000)]
  0x000000005e102000 JavaThread "build operations Thread 7" [_thread_blocked, id=11248, stack(0x00000000637c0000,0x00000000638c0000)]
  0x000000005e101800 JavaThread "build operations Thread 6" [_thread_blocked, id=46616, stack(0x0000000063550000,0x0000000063650000)]
  0x000000005e100800 JavaThread "build operations Thread 5" [_thread_blocked, id=10500, stack(0x0000000059b70000,0x0000000059c70000)]
  0x000000005e100000 JavaThread "build operations Thread 4" [_thread_blocked, id=27872, stack(0x0000000062c30000,0x0000000062d30000)]
  0x000000005e0ff000 JavaThread "build operations Thread 3" [_thread_blocked, id=39052, stack(0x0000000062ee0000,0x0000000062fe0000)]
  0x000000005e0fe800 JavaThread "build operations Thread 2" [_thread_blocked, id=32212, stack(0x0000000062d70000,0x0000000062e70000)]
  0x000000005e0fd800 JavaThread "build operations" [_thread_blocked, id=9724, stack(0x000000005cf30000,0x000000005d030000)]
  0x000000005e0fd000 JavaThread "Cache worker for Artifact transforms cache (C:\Users\pc\.gradle\caches\transforms-1)" [_thread_blocked, id=15068, stack(0x0000000063360000,0x0000000063460000)]
  0x000000005b668800 JavaThread "Cache worker for file hash cache (G:\StudioProjects\AndroidLibrary\.gradle\4.1\fileHashes)" [_thread_blocked, id=19936, stack(0x000000005ddb0000,0x000000005deb0000)]
  0x000000005b672000 JavaThread "File lock request listener" [_thread_in_native, id=41188, stack(0x000000005dca0000,0x000000005dda0000)]
  0x000000005b495800 JavaThread "Cache worker for file hash cache (C:\Users\pc\.gradle\caches\4.1\fileHashes)" [_thread_blocked, id=9744, stack(0x000000005c960000,0x000000005ca60000)]
  0x000000005b360800 JavaThread "Stdin handler" [_thread_blocked, id=38608, stack(0x000000005d910000,0x000000005da10000)]
  0x000000005b35f800 JavaThread "Asynchronous log dispatcher for DefaultDaemonConnection: socket connection from /127.0.0.1:9040 to /127.0.0.1:9041" [_thread_blocked, id=15328, stack(0x0000000059db0000,0x0000000059eb0000)]
  0x000000005b0fc000 JavaThread "Daemon worker" [_thread_in_Java, id=35968, stack(0x000000005d780000,0x000000005d880000)]
  0x000000005b30b800 JavaThread "Cancel handler" [_thread_blocked, id=22472, stack(0x000000005d5a0000,0x000000005d6a0000)]
  0x000000005af5d800 JavaThread "Handler for socket connection from /127.0.0.1:9040 to /127.0.0.1:9041" [_thread_in_native, id=31380, stack(0x000000005d230000,0x000000005d330000)]
  0x000000005af5d000 JavaThread "Daemon" [_thread_blocked, id=33872, stack(0x000000005d030000,0x000000005d130000)]
  0x000000005af08000 JavaThread "Daemon periodic checks" [_thread_blocked, id=11452, stack(0x000000005ce20000,0x000000005cf20000)]
  0x000000005b0c2800 JavaThread "Incoming local TCP Connector on port 9040" [_thread_in_native, id=23200, stack(0x000000005cca0000,0x000000005cda0000)]
  0x00000000581f2000 JavaThread "Service Thread" daemon [_thread_blocked, id=35548, stack(0x0000000059c70000,0x0000000059d70000)]
  0x000000005816d800 JavaThread "C1 CompilerThread3" daemon [_thread_in_native, id=12256, stack(0x0000000059a70000,0x0000000059b70000)]
  0x000000005816a800 JavaThread "C2 CompilerThread2" daemon [_thread_in_native, id=10100, stack(0x0000000059970000,0x0000000059a70000)]
=>0x0000000058159800 JavaThread "C2 CompilerThread1" daemon [_thread_in_native, id=22344, stack(0x0000000059840000,0x0000000059940000)]
  0x0000000058145000 JavaThread "C2 CompilerThread0" daemon [_thread_in_native, id=36420, stack(0x0000000059570000,0x0000000059670000)]
  0x0000000058131000 JavaThread "Attach Listener" daemon [_thread_blocked, id=24948, stack(0x0000000059680000,0x0000000059780000)]
  0x0000000058130000 JavaThread "Signal Dispatcher" daemon [_thread_blocked, id=45260, stack(0x0000000059050000,0x0000000059150000)]
  0x0000000055ebc000 JavaThread "Finalizer" daemon [_thread_blocked, id=48516, stack(0x00000000592d0000,0x00000000593d0000)]
  0x0000000055eb5000 JavaThread "Reference Handler" daemon [_thread_blocked, id=40808, stack(0x00000000593f0000,0x00000000594f0000)]
  0x000000000235f000 JavaThread "main" [_thread_blocked, id=31412, stack(0x0000000002540000,0x0000000002640000)]

Other Threads:
  0x00000000580d3000 VMThread [stack: 0x0000000059150000,0x0000000059250000] [id=11220]
  0x00000000581b4800 WatcherThread [stack: 0x0000000059ec0000,0x0000000059fc0000] [id=38396]

VM state:not at safepoint (normal execution)

VM Mutex/Monitor currently owned by a thread: None

Heap:
 PSYoungGen      total 450560K, used 108581K [0x00000000e0000000, 0x0000000100000000, 0x0000000100000000)
  eden space 419840K, 18% used [0x00000000e0000000,0x00000000e4c0a070,0x00000000f9a00000)
  from space 30720K, 99% used [0x00000000fe200000,0x00000000fffff3d0,0x0000000100000000)
  to   space 52224K, 0% used [0x00000000f9a00000,0x00000000f9a00000,0x00000000fcd00000)
 ParOldGen       total 171520K, used 101718K [0x00000000a0000000, 0x00000000aa780000, 0x00000000e0000000)
  object space 171520K, 59% used [0x00000000a0000000,0x00000000a63558a8,0x00000000aa780000)
 Metaspace       used 68788K, capacity 73714K, committed 73876K, reserved 1112064K
  class space    used 9050K, capacity 10359K, committed 10428K, reserved 1048576K

Card table byte_map: [0x0000000011a00000,0x0000000011d10000] byte_map_base: 0x0000000011500000

Marking Bits: (ParMarkBitMap*) 0x0000000056c44970
 Begin Bits: [0x00000000129d0000, 0x00000000141d0000)
 End Bits:   [0x00000000141d0000, 0x00000000159d0000)

Polling page: 0x0000000000340000

CodeCache: size=245760Kb used=39977Kb max_used=39977Kb free=205782Kb
 bounds [0x0000000002640000, 0x0000000004d80000, 0x0000000011640000]
 total_blobs=12651 nmethods=11860 adapters=702
 compilation: enabled

Compilation events (10 events):
Event: 18.944 Thread 0x000000005816d800 nmethod 13989 0x0000000004d6ef50 code [0x0000000004d6f0a0, 0x0000000004d6f1f0]
Event: 18.945 Thread 0x000000005816d800 13990       2       com.sun.tools.javac.code.Types::firstUnimplementedAbstractImpl (271 bytes)
Event: 18.946 Thread 0x000000005816d800 nmethod 13990 0x0000000004d6f290 code [0x0000000004d6f4c0, 0x0000000004d6fce8]
Event: 18.946 Thread 0x000000005816d800 13991       2       com.sun.tools.javac.comp.Check$ClashFilter::<init> (15 bytes)
Event: 18.946 Thread 0x000000005816d800 nmethod 13991 0x0000000004d70550 code [0x0000000004d706a0, 0x0000000004d70810]
Event: 18.946 Thread 0x000000005816d800 13992       2       com.sun.tools.javac.comp.Check::checkOverrideClashes (375 bytes)
Event: 18.949 Thread 0x000000005816d800 nmethod 13992 0x0000000004d70890 code [0x0000000004d70c40, 0x0000000004d72008]
Event: 18.949 Thread 0x000000005816d800 13993       2       com.sun.tools.javac.comp.Check::checkCyclicConstructors (175 bytes)
Event: 18.950 Thread 0x000000005816d800 nmethod 13993 0x0000000004d73950 code [0x0000000004d73b40, 0x0000000004d741c8]
Event: 18.950 Thread 0x000000005816d800 13994       2       com.sun.tools.javac.comp.Check::checkImplementations (201 bytes)

GC Heap History (10 events):
Event: 5.396 GC heap before
{Heap before GC invocations=9 (full 2):
 PSYoungGen      total 228864K, used 213504K [0x00000000e0000000, 0x00000000f0800000, 0x0000000100000000)
  eden space 213504K, 100% used [0x00000000e0000000,0x00000000ed080000,0x00000000ed080000)
  from space 15360K, 0% used [0x00000000edf00000,0x00000000edf00000,0x00000000eee00000)
  to   space 14848K, 0% used [0x00000000ed080000,0x00000000ed080000,0x00000000edf00000)
 ParOldGen       total 105472K, used 15118K [0x00000000a0000000, 0x00000000a6700000, 0x00000000e0000000)
  object space 105472K, 14% used [0x00000000a0000000,0x00000000a0ec39c8,0x00000000a6700000)
 Metaspace       used 46715K, capacity 47822K, committed 48088K, reserved 1091584K
  class space    used 6218K, capacity 6560K, committed 6656K, reserved 1048576K
Event: 5.426 GC heap after
Heap after GC invocations=9 (full 2):
 PSYoungGen      total 228352K, used 14835K [0x00000000e0000000, 0x00000000fa080000, 0x0000000100000000)
  eden space 213504K, 0% used [0x00000000e0000000,0x00000000e0000000,0x00000000ed080000)
  from space 14848K, 99% used [0x00000000ed080000,0x00000000edefccf0,0x00000000edf00000)
  to   space 18944K, 0% used [0x00000000f8e00000,0x00000000f8e00000,0x00000000fa080000)
 ParOldGen       total 105472K, used 18908K [0x00000000a0000000, 0x00000000a6700000, 0x00000000e0000000)
  object space 105472K, 17% used [0x00000000a0000000,0x00000000a12772c0,0x00000000a6700000)
 Metaspace       used 46715K, capacity 47822K, committed 48088K, reserved 1091584K
  class space    used 6218K, capacity 6560K, committed 6656K, reserved 1048576K
}
Event: 9.461 GC heap before
{Heap before GC invocations=10 (full 2):
 PSYoungGen      total 228352K, used 217007K [0x00000000e0000000, 0x00000000fa080000, 0x0000000100000000)
  eden space 213504K, 94% used [0x00000000e0000000,0x00000000ec56f008,0x00000000ed080000)
  from space 14848K, 99% used [0x00000000ed080000,0x00000000edefccf0,0x00000000edf00000)
  to   space 18944K, 0% used [0x00000000f8e00000,0x00000000f8e00000,0x00000000fa080000)
 ParOldGen       total 105472K, used 18908K [0x00000000a0000000, 0x00000000a6700000, 0x00000000e0000000)
  object space 105472K, 17% used [0x00000000a0000000,0x00000000a12772c0,0x00000000a6700000)
 Metaspace       used 55100K, capacity 58954K, committed 59028K, reserved 1099776K
  class space    used 7474K, capacity 8619K, committed 8636K, reserved 1048576K
Event: 9.519 GC heap after
Heap after GC invocations=10 (full 2):
 PSYoungGen      total 395264K, used 18914K [0x00000000e0000000, 0x00000000fb100000, 0x0000000100000000)
  eden space 376320K, 0% used [0x00000000e0000000,0x00000000e0000000,0x00000000f6f80000)
  from space 18944K, 99% used [0x00000000f8e00000,0x00000000fa0788e8,0x00000000fa080000)
  to   space 31232K, 0% used [0x00000000f6f80000,0x00000000f6f80000,0x00000000f8e00000)
 ParOldGen       total 105472K, used 41870K [0x00000000a0000000, 0x00000000a6700000, 0x00000000e0000000)
  object space 105472K, 39% used [0x00000000a0000000,0x00000000a28e3870,0x00000000a6700000)
 Metaspace       used 55100K, capacity 58954K, committed 59028K, reserved 1099776K
  class space    used 7474K, capacity 8619K, committed 8636K, reserved 1048576K
}
Event: 9.519 GC heap before
{Heap before GC invocations=11 (full 3):
 PSYoungGen      total 395264K, used 18914K [0x00000000e0000000, 0x00000000fb100000, 0x0000000100000000)
  eden space 376320K, 0% used [0x00000000e0000000,0x00000000e0000000,0x00000000f6f80000)
  from space 18944K, 99% used [0x00000000f8e00000,0x00000000fa0788e8,0x00000000fa080000)
  to   space 31232K, 0% used [0x00000000f6f80000,0x00000000f6f80000,0x00000000f8e00000)
 ParOldGen       total 105472K, used 41870K [0x00000000a0000000, 0x00000000a6700000, 0x00000000e0000000)
  object space 105472K, 39% used [0x00000000a0000000,0x00000000a28e3870,0x00000000a6700000)
 Metaspace       used 55100K, capacity 58954K, committed 59028K, reserved 1099776K
  class space    used 7474K, capacity 8619K, committed 8636K, reserved 1048576K
Event: 9.772 GC heap after
Heap after GC invocations=11 (full 3):
 PSYoungGen      total 395264K, used 0K [0x00000000e0000000, 0x00000000fb100000, 0x0000000100000000)
  eden space 376320K, 0% used [0x00000000e0000000,0x00000000e0000000,0x00000000f6f80000)
  from space 18944K, 0% used [0x00000000f8e00000,0x00000000f8e00000,0x00000000fa080000)
  to   space 31232K, 0% used [0x00000000f6f80000,0x00000000f6f80000,0x00000000f8e00000)
 ParOldGen       total 171520K, used 56126K [0x00000000a0000000, 0x00000000aa780000, 0x00000000e0000000)
  object space 171520K, 32% used [0x00000000a0000000,0x00000000a36cf8f8,0x00000000aa780000)
 Metaspace       used 55100K, capacity 58954K, committed 59028K, reserved 1099776K
  class space    used 7474K, capacity 8619K, committed 8636K, reserved 1048576K
}
Event: 13.869 GC heap before
{Heap before GC invocations=12 (full 3):
 PSYoungGen      total 395264K, used 376320K [0x00000000e0000000, 0x00000000fb100000, 0x0000000100000000)
  eden space 376320K, 100% used [0x00000000e0000000,0x00000000f6f80000,0x00000000f6f80000)
  from space 18944K, 0% used [0x00000000f8e00000,0x00000000f8e00000,0x00000000fa080000)
  to   space 31232K, 0% used [0x00000000f6f80000,0x00000000f6f80000,0x00000000f8e00000)
 ParOldGen       total 171520K, used 56126K [0x00000000a0000000, 0x00000000aa780000, 0x00000000e0000000)
  object space 171520K, 32% used [0x00000000a0000000,0x00000000a36cf8f8,0x00000000aa780000)
 Metaspace       used 60801K, capacity 65482K, committed 65684K, reserved 1105920K
  class space    used 8159K, capacity 9393K, committed 9404K, reserved 1048576K
Event: 13.893 GC heap after
Heap after GC invocations=12 (full 3):
 PSYoungGen      total 407552K, used 17975K [0x00000000e0000000, 0x0000000100000000, 0x0000000100000000)
  eden space 376320K, 0% used [0x00000000e0000000,0x00000000e0000000,0x00000000f6f80000)
  from space 31232K, 57% used [0x00000000f6f80000,0x00000000f810def0,0x00000000f8e00000)
  to   space 30720K, 0% used [0x00000000fe200000,0x00000000fe200000,0x0000000100000000)
 ParOldGen       total 171520K, used 56134K [0x00000000a0000000, 0x00000000aa780000, 0x00000000e0000000)
  object space 171520K, 32% used [0x00000000a0000000,0x00000000a36d18f8,0x00000000aa780000)
 Metaspace       used 60801K, capacity 65482K, committed 65684K, reserved 1105920K
  class space    used 8159K, capacity 9393K, committed 9404K, reserved 1048576K
}
Event: 18.305 GC heap before
{Heap before GC invocations=13 (full 3):
 PSYoungGen      total 407552K, used 394295K [0x00000000e0000000, 0x0000000100000000, 0x0000000100000000)
  eden space 376320K, 100% used [0x00000000e0000000,0x00000000f6f80000,0x00000000f6f80000)
  from space 31232K, 57% used [0x00000000f6f80000,0x00000000f810def0,0x00000000f8e00000)
  to   space 30720K, 0% used [0x00000000fe200000,0x00000000fe200000,0x0000000100000000)
 ParOldGen       total 171520K, used 56134K [0x00000000a0000000, 0x00000000aa780000, 0x00000000e0000000)
  object space 171520K, 32% used [0x00000000a0000000,0x00000000a36d18f8,0x00000000aa780000)
 Metaspace       used 68267K, capacity 73234K, committed 73364K, reserved 1112064K
  class space    used 9010K, capacity 10327K, committed 10428K, reserved 1048576K
Event: 18.390 GC heap after
Heap after GC invocations=13 (full 3):
 PSYoungGen      total 450560K, used 30716K [0x00000000e0000000, 0x0000000100000000, 0x0000000100000000)
  eden space 419840K, 0% used [0x00000000e0000000,0x00000000e0000000,0x00000000f9a00000)
  from space 30720K, 99% used [0x00000000fe200000,0x00000000fffff3d0,0x0000000100000000)
  to   space 52224K, 0% used [0x00000000f9a00000,0x00000000f9a00000,0x00000000fcd00000)
 ParOldGen       total 171520K, used 101718K [0x00000000a0000000, 0x00000000aa780000, 0x00000000e0000000)
  object space 171520K, 59% used [0x00000000a0000000,0x00000000a63558a8,0x00000000aa780000)
 Metaspace       used 68267K, capacity 73234K, committed 73364K, reserved 1112064K
  class space    used 9010K, capacity 10327K, committed 10428K, reserved 1048576K
}

Deoptimization events (10 events):
Event: 18.851 Thread 0x000000005b0fc000 Uncommon trap: reason=unstable_if action=reinterpret pc=0x00000000040bd5d4 method=org.gradle.internal.logging.sink.OutputEventRenderer$4.onOutput(Lorg/gradle/internal/logging/events/OutputEvent;)V @ 7
Event: 18.851 Thread 0x000000005b0fc000 Uncommon trap: reason=unstable_if action=reinterpret pc=0x0000000002b8cac8 method=sun.nio.cs.ext.DoubleByte$Encoder.encodeArrayLoop(Ljava/nio/CharBuffer;Ljava/nio/ByteBuffer;)Ljava/nio/charset/CoderResult; @ 218
Event: 18.852 Thread 0x000000005b0fc000 Uncommon trap: reason=bimorphic action=maybe_recompile pc=0x0000000004aa0724 method=com.sun.tools.javac.code.Types$19.visitClassType(Lcom/sun/tools/javac/code/Type$ClassType;Ljava/lang/Void;)Lcom/sun/tools/javac/util/List; @ 46
Event: 18.852 Thread 0x000000005b0fc000 Uncommon trap: reason=bimorphic action=maybe_recompile pc=0x0000000004aa0724 method=com.sun.tools.javac.code.Types$19.visitClassType(Lcom/sun/tools/javac/code/Type$ClassType;Ljava/lang/Void;)Lcom/sun/tools/javac/util/List; @ 46
Event: 18.853 Thread 0x000000005b0fc000 Uncommon trap: reason=bimorphic action=maybe_recompile pc=0x0000000004aa0724 method=com.sun.tools.javac.code.Types$19.visitClassType(Lcom/sun/tools/javac/code/Type$ClassType;Ljava/lang/Void;)Lcom/sun/tools/javac/util/List; @ 46
Event: 18.853 Thread 0x000000005b0fc000 Uncommon trap: reason=bimorphic action=maybe_recompile pc=0x0000000004aa0724 method=com.sun.tools.javac.code.Types$19.visitClassType(Lcom/sun/tools/javac/code/Type$ClassType;Ljava/lang/Void;)Lcom/sun/tools/javac/util/List; @ 46
Event: 18.854 Thread 0x000000005b0fc000 Uncommon trap: reason=bimorphic action=maybe_recompile pc=0x0000000004aa74a8 method=com.sun.tools.javac.code.Types$19.visitClassType(Lcom/sun/tools/javac/code/Type$ClassType;Ljava/lang/Void;)Lcom/sun/tools/javac/util/List; @ 46
Event: 18.929 Thread 0x000000005b0fc000 Uncommon trap: reason=bimorphic action=maybe_recompile pc=0x0000000004b8e1d0 method=com.sun.tools.javac.code.Type$ClassType.isErroneous()Z @ 1
Event: 18.941 Thread 0x000000005b0fc000 Uncommon trap: reason=unstable_if action=reinterpret pc=0x0000000004c7e19c method=com.sun.tools.javac.comp.Resolve.findInheritedMemberType(Lcom/sun/tools/javac/comp/Env;Lcom/sun/tools/javac/code/Type;Lcom/sun/tools/javac/util/Name;Lcom/sun/tools/javac/cod
Event: 18.941 Thread 0x000000005b0fc000 Uncommon trap: reason=unstable_if action=reinterpret pc=0x0000000004c7e634 method=com.sun.tools.javac.comp.Resolve.findInheritedMemberType(Lcom/sun/tools/javac/comp/Env;Lcom/sun/tools/javac/code/Type;Lcom/sun/tools/javac/util/Name;Lcom/sun/tools/javac/cod

Classes redefined (0 events):
No events

Internal exceptions (10 events):
Event: 11.698 Thread 0x000000006236d000 Exception <a 'java/lang/NoSuchMethodError': <clinit>> (0x00000000ec0586b8) thrown at [D:\src\AOSP-openjdk-cygwin\jdk8u\hotspot\src\share\vm\prims\jni.cpp, line 1613]
Event: 11.698 Thread 0x000000006236d000 Exception <a 'java/lang/NoSuchMethodError': <clinit>> (0x00000000ec061d28) thrown at [D:\src\AOSP-openjdk-cygwin\jdk8u\hotspot\src\share\vm\prims\jni.cpp, line 1613]
Event: 11.886 Thread 0x000000006236d000 Exception <a 'java/lang/IncompatibleClassChangeError': Found class java.lang.Object, but interface was expected> (0x00000000ed05aad0) thrown at [D:\src\AOSP-openjdk-cygwin\jdk8u\hotspot\src\share\vm\interpreter\linkResolver.cpp, line 643]
Event: 14.201 Thread 0x0000000062371800 Exception <a 'java/lang/NoSuchMethodError': java.lang.Object.lambda$negate$1(Ljava/lang/Object;)Z> (0x00000000e2e3f0b8) thrown at [D:\src\AOSP-openjdk-cygwin\jdk8u\hotspot\src\share\vm\interpreter\linkResolver.cpp, line 584]
Event: 15.251 Thread 0x000000005b0fc000 Exception <a 'java/lang/NoSuchMethodError': java.lang.Object.lambda$comparingInt$7b0bb60$1(Ljava/util/function/ToIntFunction;Ljava/lang/Object;Ljava/lang/Object;)I> (0x00000000e21ab6b0) thrown at [D:\src\AOSP-openjdk-cygwin\jdk8u\hotspot\src\share\vm\inte
Event: 16.504 Thread 0x0000000062372800 Exception <a 'java/lang/NoSuchMethodError': java.lang.Object.lambda$static$0(Ljava/lang/String;)Z> (0x00000000e80424f8) thrown at [D:\src\AOSP-openjdk-cygwin\jdk8u\hotspot\src\share\vm\interpreter\linkResolver.cpp, line 584]
Event: 16.506 Thread 0x0000000062372800 Exception <a 'sun/nio/fs/WindowsException'> (0x00000000e8050658) thrown at [D:\src\AOSP-openjdk-cygwin\jdk8u\hotspot\src\share\vm\prims\jni.cpp, line 709]
Event: 16.508 Thread 0x000000005c73d000 Exception <a 'sun/nio/fs/WindowsException'> (0x00000000e80bd888) thrown at [D:\src\AOSP-openjdk-cygwin\jdk8u\hotspot\src\share\vm\prims\jni.cpp, line 709]
Event: 17.408 Thread 0x000000005b0fc000 Implicit null exception at 0x0000000003698608 to 0x000000000369863e
Event: 18.391 Thread 0x000000005b0fc000 Implicit null exception at 0x00000000029c7928 to 0x00000000029c7dbd

Events (10 events):
Event: 18.928 loading class com/sun/tools/javac/comp/Infer$BoundErrorKind$6 done
Event: 18.929 Thread 0x000000005b0fc000 Uncommon trap: trap_request=0xffffffc6 fr.pc=0x0000000004b8e1d0
Event: 18.929 Thread 0x000000005b0fc000 DEOPT PACKING pc=0x0000000004b8e1d0 sp=0x000000005d879740
Event: 18.929 Thread 0x000000005b0fc000 DEOPT UNPACKING pc=0x000000000268557b sp=0x000000005d8796f0 mode 2
Event: 18.941 Thread 0x000000005b0fc000 Uncommon trap: trap_request=0xffffff65 fr.pc=0x0000000004c7e19c
Event: 18.941 Thread 0x000000005b0fc000 DEOPT PACKING pc=0x0000000004c7e19c sp=0x000000005d8795d0
Event: 18.941 Thread 0x000000005b0fc000 DEOPT UNPACKING pc=0x000000000268557b sp=0x000000005d8795e8 mode 2
Event: 18.941 Thread 0x000000005b0fc000 Uncommon trap: trap_request=0xffffff65 fr.pc=0x0000000004c7e634
Event: 18.941 Thread 0x000000005b0fc000 DEOPT PACKING pc=0x0000000004c7e634 sp=0x000000005d8796c0
Event: 18.941 Thread 0x000000005b0fc000 DEOPT UNPACKING pc=0x000000000268557b sp=0x000000005d8795c0 mode 2


Dynamic libraries:
0x000000013f570000 - 0x000000013f5a1000 	G:\Android\Android Studio\jre\bin\java.exe
0x0000000077510000 - 0x00000000776ba000 	C:\Windows\SYSTEM32\ntdll.dll
0x00000000773f0000 - 0x000000007750f000 	C:\Windows\system32\kernel32.dll
0x000007fefd4d0000 - 0x000007fefd53a000 	C:\Windows\system32\KERNELBASE.dll
0x000007fefefd0000 - 0x000007feff0ab000 	C:\Windows\system32\ADVAPI32.dll
0x000007fefebc0000 - 0x000007fefec5f000 	C:\Windows\system32\msvcrt.dll
0x000007fefdbb0000 - 0x000007fefdbcf000 	C:\Windows\SYSTEM32\sechost.dll
0x000007feff0b0000 - 0x000007feff1dd000 	C:\Windows\system32\RPCRT4.dll
0x00000000772f0000 - 0x00000000773ea000 	C:\Windows\system32\USER32.dll
0x000007fefda60000 - 0x000007fefdac7000 	C:\Windows\system32\GDI32.dll
0x000007feff400000 - 0x000007feff40e000 	C:\Windows\system32\LPK.dll
0x000007fefd7e0000 - 0x000007fefd8ab000 	C:\Windows\system32\USP10.dll
0x000007fefb9e0000 - 0x000007fefbbd4000 	C:\Windows\WinSxS\amd64_microsoft.windows.common-controls_6595b64144ccf1df_6.0.7601.23403_none_e36ad4593102f066\COMCTL32.dll
0x000007feff370000 - 0x000007feff3e1000 	C:\Windows\system32\SHLWAPI.dll
0x000007fefdc20000 - 0x000007fefdc4e000 	C:\Windows\system32\IMM32.DLL
0x000007fefd8b0000 - 0x000007fefd9b9000 	C:\Windows\system32\MSCTF.dll
0x00000000654d0000 - 0x00000000655a2000 	G:\Android\Android Studio\jre\jre\bin\msvcr100.dll
0x0000000056480000 - 0x0000000056cbf000 	G:\Android\Android Studio\jre\jre\bin\server\jvm.dll
0x000007fef3440000 - 0x000007fef3449000 	C:\Windows\system32\WSOCK32.dll
0x000007fefdbd0000 - 0x000007fefdc1d000 	C:\Windows\system32\WS2_32.dll
0x000007feff3f0000 - 0x000007feff3f8000 	C:\Windows\system32\NSI.dll
0x000007fef39f0000 - 0x000007fef3a2b000 	C:\Windows\system32\WINMM.dll
0x000007fefc2e0000 - 0x000007fefc2ec000 	C:\Windows\system32\VERSION.dll
0x00000000776d0000 - 0x00000000776d7000 	C:\Windows\system32\PSAPI.DLL
0x000007fefb120000 - 0x000007fefb12f000 	G:\Android\Android Studio\jre\jre\bin\verify.dll
0x000007feebc30000 - 0x000007feebc59000 	G:\Android\Android Studio\jre\jre\bin\java.dll
0x000007feea3a0000 - 0x000007feea3b6000 	G:\Android\Android Studio\jre\jre\bin\zip.dll
0x000007fefde30000 - 0x000007fefebbb000 	C:\Windows\system32\SHELL32.dll
0x000007fefd5b0000 - 0x000007fefd7b3000 	C:\Windows\system32\ole32.dll
0x000007fefd1f0000 - 0x000007fefd1ff000 	C:\Windows\system32\profapi.dll
0x000007feea380000 - 0x000007feea39a000 	G:\Android\Android Studio\jre\jre\bin\net.dll
0x000007fefc9d0000 - 0x000007fefca25000 	C:\Windows\system32\mswsock.dll
0x000007fefc9c0000 - 0x000007fefc9c7000 	C:\Windows\System32\wship6.dll
0x000007feea360000 - 0x000007feea371000 	G:\Android\Android Studio\jre\jre\bin\nio.dll
0x000007fef3460000 - 0x000007fef347e000 	C:\Users\pc\.gradle\native\25\windows-amd64\native-platform.dll
0x000007feee2e0000 - 0x000007feee2ed000 	G:\Android\Android Studio\jre\jre\bin\management.dll
0x000007fefca30000 - 0x000007fefca48000 	C:\Windows\system32\CRYPTSP.dll
0x000007fefc730000 - 0x000007fefc777000 	C:\Windows\system32\rsaenh.dll
0x000007fefd330000 - 0x000007fefd34f000 	C:\Windows\system32\USERENV.dll
0x000007fefd090000 - 0x000007fefd09f000 	C:\Windows\system32\CRYPTBASE.dll
0x000007fefab90000 - 0x000007fefabb7000 	C:\Windows\system32\IPHLPAPI.DLL
0x000007fefab70000 - 0x000007fefab7b000 	C:\Windows\system32\WINNSI.DLL
0x000007fefa980000 - 0x000007fefa991000 	C:\Windows\system32\dhcpcsvc6.DLL
0x000007fefa960000 - 0x000007fefa978000 	C:\Windows\system32\dhcpcsvc.DLL
0x000007fefd030000 - 0x000007fefd087000 	C:\Windows\system32\apphelp.dll

VM Arguments:
jvm_args: -Xmx1536m -Dfile.encoding=GBK -Duser.country=CN -Duser.language=zh -Duser.variant 
java_command: org.gradle.launcher.daemon.bootstrap.GradleDaemon 4.1
java_class_path (initial): C:\Users\pc\.gradle\wrapper\dists\gradle-4.1-all\bzyivzo6n839fup2jbap0tjew\gradle-4.1\lib\gradle-launcher-4.1.jar
Launcher Type: SUN_STANDARD

Environment Variables:
JAVA_HOME=C:\Program Files\Java\jdk1.8.0_131
CLASSPATH=.;C:\Program Files\Java\jdk1.8.0_131\lib\dt.jar;C:\Program Files\Java\jdk1.8.0_131\lib\tools.jar;
PATH=C:\ProgramData\Oracle\Java\javapath;C:\Program Files (x86)\Intel\iCLS Client\;C:\Program Files\Intel\iCLS Client\;C:\Windows\system32;C:\Windows;C:\Windows\System32\Wbem;C:\Windows\System32\WindowsPowerShell\v1.0\;C:\Program Files (x86)\Intel\UCRT\;C:\Program Files\Intel\UCRT\;C:\Program Files (x86)\Intel\Intel(R) Management Engine Components\DAL;C:\Program Files\Intel\Intel(R) Management Engine Components\DAL;C:\Program Files (x86)\Intel\Intel(R) Management Engine Components\IPT;C:\Program Files\Intel\Intel(R) Management Engine Components\IPT;D:\Program Files\nodejs\;G:\Android\sdk\platform-tools;D:\Program Files (x86)\Git\bin;C:\Program Files\TortoiseGit\bin;D:\Program Files (x86)\apache-maven-3.3.3\bin;D:\Program Files (x86)\apache-tomcat-8.5.20\lib;D:\Program Files (x86)\apache-tomcat-8.5.20\bin;D:\Program Files\mysql-5.7.19-winx64\bin;C:\Program Files\Java\jdk1.8.0_131/bin;C:\Program Files\Java\jdk1.8.0_131/jre/bin;D:\Program Files\PuTTY\;G:\Android\ndk\ndk-bundle\;C:\Users\pc\AppData\Roaming\npm;C:\Users\pc\AppData\Local\Programs\Fiddler
USERNAME=pc
OS=Windows_NT
PROCESSOR_IDENTIFIER=Intel64 Family 6 Model 158 Stepping 9, GenuineIntel



---------------  S Y S T E M  ---------------

OS: Windows 7 , 64 bit Build 7601 (6.1.7601.23807)

CPU:total 8 (initial active 8) (4 cores per cpu, 2 threads per core) family 6 model 158 stepping 9, cmov, cx8, fxsr, mmx, sse, sse2, sse3, ssse3, sse4.1, sse4.2, popcnt, avx, avx2, aes, clmul, erms, rtm, 3dnowpref, lzcnt, ht, tsc, tscinvbit, bmi1, bmi2, adx

Memory: 4k page, physical 16666588k(817792k free), swap 20859032k(4840k free)

vm_info: OpenJDK 64-Bit Server VM (25.152-b02) for windows-amd64 JRE (1.8.0_152-release-1024-b02), built by "builder" with MS VC++ 10.0 (VS2010)

time: Wed May 16 18:06:13 2018
elapsed time: 18 seconds (0d 0h 0m 18s)

